c:\users\sohyun\desktop\졸작\project\labproject07-9-6(animation)\x64\release\labproject07-9-6(animation).pch
c:\users\sohyun\desktop\졸작\project\labproject07-9-6(animation)\x64\release\vc141.pdb
c:\users\sohyun\desktop\졸작\project\labproject07-9-6(animation)\x64\release\stdafx.obj
c:\users\sohyun\desktop\졸작\project\labproject07-9-6(animation)\x64\release\wictextureloader12.obj
c:\users\sohyun\desktop\졸작\project\labproject07-9-6(animation)\x64\release\timer.obj
c:\users\sohyun\desktop\졸작\project\labproject07-9-6(animation)\x64\release\shader.obj
c:\users\sohyun\desktop\졸작\project\labproject07-9-6(animation)\x64\release\scene.obj
c:\users\sohyun\desktop\졸작\project\labproject07-9-6(animation)\x64\release\player.obj
c:\users\sohyun\desktop\졸작\project\labproject07-9-6(animation)\x64\release\object.obj
c:\users\sohyun\desktop\졸작\project\labproject07-9-6(animation)\x64\release\mesh.obj
c:\users\sohyun\desktop\졸작\project\labproject07-9-6(animation)\x64\release\labproject07-9-6(animation).obj
c:\users\sohyun\desktop\졸작\project\labproject07-9-6(animation)\x64\release\gameframework.obj
c:\users\sohyun\desktop\졸작\project\labproject07-9-6(animation)\x64\release\ddstextureloader12.obj
c:\users\sohyun\desktop\졸작\project\labproject07-9-6(animation)\x64\release\camera.obj
c:\users\sohyun\desktop\졸작\project\labproject07-9-6(animation)\x64\release\labproject07-9-6(animation).ipdb
c:\users\sohyun\desktop\졸작\project\labproject07-9-6(animation)\x64\release\labproject07-9-6(animation).iobj
c:\users\sohyun\desktop\졸작\project\labproject07-9-6(animation)\x64\release\labproject07-9-6(animation).exe
c:\users\sohyun\desktop\졸작\project\labproject07-9-6(animation)\x64\release\labproject07-9-6(animation).pdb
c:\users\sohyun\desktop\졸작\project\labproject07-9-6(animation)\x64\release\labproject07-9-6(animation).res
c:\users\sohyun\desktop\졸작\project\labproject07-9-6(animation)\x64\release\labproje.06ae5ae9.tlog\cl.command.1.tlog
c:\users\sohyun\desktop\졸작\project\labproject07-9-6(animation)\x64\release\labproje.06ae5ae9.tlog\cl.read.1.tlog
c:\users\sohyun\desktop\졸작\project\labproject07-9-6(animation)\x64\release\labproje.06ae5ae9.tlog\cl.write.1.tlog
c:\users\sohyun\desktop\졸작\project\labproject07-9-6(animation)\x64\release\labproje.06ae5ae9.tlog\labproject07-9-6(animation).write.1u.tlog
c:\users\sohyun\desktop\졸작\project\labproject07-9-6(animation)\x64\release\labproje.06ae5ae9.tlog\link.command.1.tlog
c:\users\sohyun\desktop\졸작\project\labproject07-9-6(animation)\x64\release\labproje.06ae5ae9.tlog\link.read.1.tlog
c:\users\sohyun\desktop\졸작\project\labproject07-9-6(animation)\x64\release\labproje.06ae5ae9.tlog\link.write.1.tlog
c:\users\sohyun\desktop\졸작\project\labproject07-9-6(animation)\x64\release\labproje.06ae5ae9.tlog\rc.command.1.tlog
c:\users\sohyun\desktop\졸작\project\labproject07-9-6(animation)\x64\release\labproje.06ae5ae9.tlog\rc.read.1.tlog
c:\users\sohyun\desktop\졸작\project\labproject07-9-6(animation)\x64\release\labproje.06ae5ae9.tlog\rc.write.1.tlog
