c:\users\sohyun\downloads\labproject07-9-5(animation)\debug\labproject07-9-5(animation).pch
c:\users\sohyun\downloads\labproject07-9-5(animation)\debug\vc141.pdb
c:\users\sohyun\downloads\labproject07-9-5(animation)\debug\vc141.idb
c:\users\sohyun\downloads\labproject07-9-5(animation)\debug\stdafx.obj
c:\users\sohyun\downloads\labproject07-9-5(animation)\debug\wictextureloader12.obj
c:\users\sohyun\downloads\labproject07-9-5(animation)\debug\timer.obj
c:\users\sohyun\downloads\labproject07-9-5(animation)\debug\shader.obj
c:\users\sohyun\downloads\labproject07-9-5(animation)\debug\scene.obj
c:\users\sohyun\downloads\labproject07-9-5(animation)\debug\player.obj
c:\users\sohyun\downloads\labproject07-9-5(animation)\debug\object.obj
c:\users\sohyun\downloads\labproject07-9-5(animation)\debug\mesh.obj
c:\users\sohyun\downloads\labproject07-9-5(animation)\debug\labproject07-9-5(animation).obj
c:\users\sohyun\downloads\labproject07-9-5(animation)\debug\gameframework.obj
c:\users\sohyun\downloads\labproject07-9-5(animation)\debug\ddstextureloader12.obj
c:\users\sohyun\downloads\labproject07-9-5(animation)\debug\camera.obj
c:\users\sohyun\downloads\labproject07-9-5(animation)\debug\labproject07-9-5(animation).ilk
c:\users\sohyun\downloads\labproject07-9-5(animation)\debug\labproject07-9-5(animation).exe
c:\users\sohyun\downloads\labproject07-9-5(animation)\debug\labproject07-9-5(animation).pdb
c:\users\sohyun\downloads\labproject07-9-5(animation)\debug\labproject07-9-5(animation).res
c:\users\sohyun\downloads\labproject07-9-5(animation)\debug\labproje.156d8da7.tlog\cl.command.1.tlog
c:\users\sohyun\downloads\labproject07-9-5(animation)\debug\labproje.156d8da7.tlog\cl.read.1.tlog
c:\users\sohyun\downloads\labproject07-9-5(animation)\debug\labproje.156d8da7.tlog\cl.write.1.tlog
c:\users\sohyun\downloads\labproject07-9-5(animation)\debug\labproje.156d8da7.tlog\link.command.1.tlog
c:\users\sohyun\downloads\labproject07-9-5(animation)\debug\labproje.156d8da7.tlog\link.read.1.tlog
c:\users\sohyun\downloads\labproject07-9-5(animation)\debug\labproje.156d8da7.tlog\link.write.1.tlog
c:\users\sohyun\downloads\labproject07-9-5(animation)\debug\labproje.156d8da7.tlog\rc.command.1.tlog
c:\users\sohyun\downloads\labproject07-9-5(animation)\debug\labproje.156d8da7.tlog\rc.read.1.tlog
c:\users\sohyun\downloads\labproject07-9-5(animation)\debug\labproje.156d8da7.tlog\rc.write.1.tlog
