  stdafx.cpp
  Camera.cpp
  DDSTextureLoader12.cpp
  GameFramework.cpp
  Mesh.cpp
  Object.cpp
  PlayGround_FrameWork.cpp
  Player.cpp
  Scene.cpp
  Shader.cpp
  Timer.cpp
  코드를 생성하고 있습니다...
Mesh.obj : error LNK2019: "public: virtual __thiscall CNormalMesh::~CNormalMesh(void)" (??1CNormalMesh@@UAE@XZ) 외부 기호(참조 위치: "public: virtual void * __thiscall CNormalMesh::`scalar deleting destructor'(unsigned int)" (??_GCNormalMesh@@UAEPAXI@Z) 함수)에서 확인하지 못했습니다.
Scene.obj : error LNK2019: "public: __thiscall FBXModelLoader::FBXModelLoader(class std::basic_string<char,struct std::char_traits<char>,class std::allocator<char> >,float,bool)" (??0FBXModelLoader@@QAE@V?$basic_string@DU?$char_traits@D@std@@V?$allocator@D@2@@std@@M_N@Z) 외부 기호(참조 위치: "public: void __thiscall CScene::BuildObjects(struct ID3D12Device *,struct ID3D12GraphicsCommandList *)" (?BuildObjects@CScene@@QAEXPAUID3D12Device@@PAUID3D12GraphicsCommandList@@@Z) 함수)에서 확인하지 못했습니다.
Scene.obj : error LNK2019: "public: __thiscall FBXModelLoader::~FBXModelLoader(void)" (??1FBXModelLoader@@QAE@XZ) 외부 기호(참조 위치: "public: void __thiscall CScene::BuildObjects(struct ID3D12Device *,struct ID3D12GraphicsCommandList *)" (?BuildObjects@CScene@@QAEXPAUID3D12Device@@PAUID3D12GraphicsCommandList@@@Z) 함수)에서 확인하지 못했습니다.
stdafx.obj : error LNK2019: "void __cdecl fbxsdk::_FbxAssert(char const *,char const *,unsigned int,bool,char const *,...)" (?_FbxAssert@fbxsdk@@YAXPBD0I_N0ZZ) 외부 기호(참조 위치: "protected: void __thiscall fbxsdk::FbxRedBlackTree<class fbxsdk::FbxMap<class fbxsdk::FbxString,class fbxsdk::FbxObject *,struct fbxsdk::FbxStringCompare,class fbxsdk::FbxBaseAllocator>::KeyValuePair,struct fbxsdk::FbxStringCompare,class fbxsdk::FbxBaseAllocator>::FixNodesAfterRemoval(class fbxsdk::FbxRedBlackTree<class fbxsdk::FbxMap<class fbxsdk::FbxString,class fbxsdk::FbxObject *,struct fbxsdk::FbxStringCompare,class fbxsdk::FbxBaseAllocator>::KeyValuePair,struct fbxsdk::FbxStringCompare,class fbxsdk::FbxBaseAllocator>::RecordType *,class fbxsdk::FbxRedBlackTree<class fbxsdk::FbxMap<class fbxsdk::FbxString,class fbxsdk::FbxObject *,struct fbxsdk::FbxStringCompare,class fbxsdk::FbxBaseAllocator>::KeyValuePair,struct fbxsdk::FbxStringCompare,class fbxsdk::FbxBaseAllocator>::RecordType *)" (?FixNodesAfterRemoval@?$FbxRedBlackTree@VKeyValuePair@?$FbxMap@VFbxString@fbxsdk@@PAVFbxObject@2@UFbxStringCompare@2@VFbxBaseAllocator@2@@fbxsdk@@UFbxStringCompare@3@VFbxBaseAllocator@3@@fbxsdk@@IAEXPAVRecordType@12@0@Z) 함수)에서 확인하지 못했습니다.
stdafx.obj : error LNK2019: "void * __cdecl fbxsdk::FbxMalloc(unsigned int)" (?FbxMalloc@fbxsdk@@YAPAXI@Z) 외부 기호(참조 위치: "public: void * __thiscall fbxsdk::FbxBaseAllocator::AllocateRecords(unsigned int)" (?AllocateRecords@FbxBaseAllocator@fbxsdk@@QAEPAXI@Z) 함수)에서 확인하지 못했습니다.
stdafx.obj : error LNK2019: "void __cdecl fbxsdk::FbxFree(void *)" (?FbxFree@fbxsdk@@YAXPAX@Z) 외부 기호(참조 위치: "public: void __thiscall fbxsdk::FbxBaseAllocator::FreeMemory(void *)" (?FreeMemory@FbxBaseAllocator@fbxsdk@@QAEXPAX@Z) 함수)에서 확인하지 못했습니다.
stdafx.obj : error LNK2019: "public: __thiscall fbxsdk::FbxString::FbxString(class fbxsdk::FbxString const &)" (??0FbxString@fbxsdk@@QAE@ABV01@@Z) 외부 기호(참조 위치: "public: __thiscall fbxsdk::FbxPair<class fbxsdk::FbxString const ,class fbxsdk::FbxObject *>::FbxPair<class fbxsdk::FbxString const ,class fbxsdk::FbxObject *>(class fbxsdk::FbxPair<class fbxsdk::FbxString const ,class fbxsdk::FbxObject *> const &)" (??0?$FbxPair@$$CBVFbxString@fbxsdk@@PAVFbxObject@2@@fbxsdk@@QAE@ABV01@@Z) 함수)에서 확인하지 못했습니다.
stdafx.obj : error LNK2019: "public: __thiscall fbxsdk::FbxString::~FbxString(void)" (??1FbxString@fbxsdk@@QAE@XZ) 외부 기호(참조 위치: "public: __thiscall fbxsdk::FbxPair<class fbxsdk::FbxString const ,class fbxsdk::FbxObject *>::~FbxPair<class fbxsdk::FbxString const ,class fbxsdk::FbxObject *>(void)" (??1?$FbxPair@$$CBVFbxString@fbxsdk@@PAVFbxObject@2@@fbxsdk@@QAE@XZ) 함수)에서 확인하지 못했습니다.
stdafx.obj : error LNK2019: "public: __thiscall fbxsdk::FbxString::operator char const *(void)const " (??BFbxString@fbxsdk@@QBEPBDXZ) 외부 기호(참조 위치: "public: int __thiscall fbxsdk::FbxStringCompare::operator()(class fbxsdk::FbxString const &,class fbxsdk::FbxString const &)const " (??RFbxStringCompare@fbxsdk@@QBEHABVFbxString@1@0@Z) 함수)에서 확인하지 못했습니다.
stdafx.obj : error LNK2019: "public: int __thiscall fbxsdk::FbxString::Compare(char const *)const " (?Compare@FbxString@fbxsdk@@QBEHPBD@Z) 외부 기호(참조 위치: "public: int __thiscall fbxsdk::FbxStringCompare::operator()(class fbxsdk::FbxString const &,class fbxsdk::FbxString const &)const " (??RFbxStringCompare@fbxsdk@@QBEHABVFbxString@1@0@Z) 함수)에서 확인하지 못했습니다.
C:\Users\Sohyun\Desktop\졸작\Project\PlayGround_FrameWork\Debug\PlayGround_FrameWork.exe : fatal error LNK1120: 10개의 확인할 수 없는 외부 참조입니다.
