c:\users\sohyun\source\repos\playground_framework\playground_framework\debug\playground_framework.pch
c:\users\sohyun\source\repos\playground_framework\playground_framework\debug\vc141.pdb
c:\users\sohyun\source\repos\playground_framework\playground_framework\debug\vc141.idb
c:\users\sohyun\source\repos\playground_framework\playground_framework\debug\stdafx.obj
c:\users\sohyun\source\repos\playground_framework\playground_framework\debug\timer.obj
c:\users\sohyun\source\repos\playground_framework\playground_framework\debug\shader.obj
c:\users\sohyun\source\repos\playground_framework\playground_framework\debug\scene.obj
c:\users\sohyun\source\repos\playground_framework\playground_framework\debug\playground_framework.obj
c:\users\sohyun\source\repos\playground_framework\playground_framework\debug\player.obj
c:\users\sohyun\source\repos\playground_framework\playground_framework\debug\object.obj
c:\users\sohyun\source\repos\playground_framework\playground_framework\debug\mesh.obj
c:\users\sohyun\source\repos\playground_framework\playground_framework\debug\gameframework.obj
c:\users\sohyun\source\repos\playground_framework\playground_framework\debug\ddstextureloader12.obj
c:\users\sohyun\source\repos\playground_framework\playground_framework\debug\camera.obj
c:\users\sohyun\source\repos\playground_framework\debug\playground_framework.ilk
c:\users\sohyun\source\repos\playground_framework\debug\playground_framework.exe
c:\users\sohyun\source\repos\playground_framework\debug\playground_framework.pdb
c:\users\sohyun\source\repos\playground_framework\playground_framework\debug\playground_framework.res
c:\users\sohyun\source\repos\playground_framework\playground_framework\debug\playgrou.f6347f3f.tlog\cl.command.1.tlog
c:\users\sohyun\source\repos\playground_framework\playground_framework\debug\playgrou.f6347f3f.tlog\cl.read.1.tlog
c:\users\sohyun\source\repos\playground_framework\playground_framework\debug\playgrou.f6347f3f.tlog\cl.write.1.tlog
c:\users\sohyun\source\repos\playground_framework\playground_framework\debug\playgrou.f6347f3f.tlog\link.command.1.tlog
c:\users\sohyun\source\repos\playground_framework\playground_framework\debug\playgrou.f6347f3f.tlog\link.read.1.tlog
c:\users\sohyun\source\repos\playground_framework\playground_framework\debug\playgrou.f6347f3f.tlog\link.write.1.tlog
c:\users\sohyun\source\repos\playground_framework\playground_framework\debug\playgrou.f6347f3f.tlog\rc.command.1.tlog
c:\users\sohyun\source\repos\playground_framework\playground_framework\debug\playgrou.f6347f3f.tlog\rc.read.1.tlog
c:\users\sohyun\source\repos\playground_framework\playground_framework\debug\playgrou.f6347f3f.tlog\rc.write.1.tlog
