  stdafx.cpp
  Camera.cpp
c:\users\sohyun\desktop\졸작\project\labproject07-9-6(animation)\player.h(46): warning C4091: 'static ': 변수를 선언하지 않으면 'CPlayer::PlayerState' 왼쪽은 무시됩니다.
  DDSTextureLoader12.cpp
  GameFramework.cpp
c:\users\sohyun\desktop\졸작\project\labproject07-9-6(animation)\player.h(46): warning C4091: 'static ': 변수를 선언하지 않으면 'CPlayer::PlayerState' 왼쪽은 무시됩니다.
  LabProject07-9-6(Animation).cpp
c:\users\sohyun\desktop\졸작\project\labproject07-9-6(animation)\player.h(46): warning C4091: 'static ': 변수를 선언하지 않으면 'CPlayer::PlayerState' 왼쪽은 무시됩니다.
  Mesh.cpp
  MyStruct.cpp
  Object.cpp
c:\users\sohyun\desktop\졸작\project\labproject07-9-6(animation)\player.h(46): warning C4091: 'static ': 변수를 선언하지 않으면 'CPlayer::PlayerState' 왼쪽은 무시됩니다.
  Player.cpp
c:\users\sohyun\desktop\졸작\project\labproject07-9-6(animation)\player.h(46): warning C4091: 'static ': 변수를 선언하지 않으면 'CPlayer::PlayerState' 왼쪽은 무시됩니다.
  Scene.cpp
c:\users\sohyun\desktop\졸작\project\labproject07-9-6(animation)\player.h(46): warning C4091: 'static ': 변수를 선언하지 않으면 'CPlayer::PlayerState' 왼쪽은 무시됩니다.
  Shader.cpp
  Timer.cpp
  WICTextureLoader12.cpp
  코드를 생성하고 있습니다...
  LINK : C:\Users\Sohyun\Desktop\졸작\Project\LabProject07-9-6(Animation)\x64\Debug\LabProject07-9-6(Animation).exe을(를) 찾을 수 없거나 마지막 증분 링크에 의해 빌드되지 않았습니다. 전체 링크를 수행하고 있습니다.
  LabProject07-9-6(Animation).vcxproj -> C:\Users\Sohyun\Desktop\졸작\Project\LabProject07-9-6(Animation)\x64\Debug\LabProject07-9-6(Animation).exe
