c:\users\blueb\documents\github\graduation_pj\project\천기\labproject07-9-5(animation)\debug\labproject07-9-5(animation).pch
c:\users\blueb\documents\github\graduation_pj\project\천기\labproject07-9-5(animation)\debug\vc141.pdb
c:\users\blueb\documents\github\graduation_pj\project\천기\labproject07-9-5(animation)\debug\vc141.idb
c:\users\blueb\documents\github\graduation_pj\project\천기\labproject07-9-5(animation)\debug\stdafx.obj
c:\users\blueb\documents\github\graduation_pj\project\천기\labproject07-9-5(animation)\debug\wictextureloader12.obj
c:\users\blueb\documents\github\graduation_pj\project\천기\labproject07-9-5(animation)\debug\timer.obj
c:\users\blueb\documents\github\graduation_pj\project\천기\labproject07-9-5(animation)\debug\shader.obj
c:\users\blueb\documents\github\graduation_pj\project\천기\labproject07-9-5(animation)\debug\scene.obj
c:\users\blueb\documents\github\graduation_pj\project\천기\labproject07-9-5(animation)\debug\player.obj
c:\users\blueb\documents\github\graduation_pj\project\천기\labproject07-9-5(animation)\debug\object.obj
c:\users\blueb\documents\github\graduation_pj\project\천기\labproject07-9-5(animation)\debug\mesh.obj
c:\users\blueb\documents\github\graduation_pj\project\천기\labproject07-9-5(animation)\debug\labproject07-9-5(animation).obj
c:\users\blueb\documents\github\graduation_pj\project\천기\labproject07-9-5(animation)\debug\gameframework.obj
c:\users\blueb\documents\github\graduation_pj\project\천기\labproject07-9-5(animation)\debug\ddstextureloader12.obj
c:\users\blueb\documents\github\graduation_pj\project\천기\labproject07-9-5(animation)\debug\camera.obj
c:\users\blueb\documents\github\graduation_pj\project\천기\labproject07-9-5(animation)\debug\labproject07-9-5(animation).exe
c:\users\blueb\documents\github\graduation_pj\project\천기\labproject07-9-5(animation)\debug\labproject07-9-5(animation).ilk
c:\users\blueb\documents\github\graduation_pj\project\천기\labproject07-9-5(animation)\debug\labproject07-9-5(animation).pdb
c:\users\blueb\documents\github\graduation_pj\project\천기\labproject07-9-5(animation)\debug\labproject07-9-5(animation).res
c:\users\blueb\documents\github\graduation_pj\project\천기\labproject07-9-5(animation)\debug\nativecodeanalysis.read.1.tlog
c:\users\blueb\documents\github\graduation_pj\project\천기\labproject07-9-5(animation)\debug\camera.nativecodeanalysis.xml
c:\users\blueb\documents\github\graduation_pj\project\천기\labproject07-9-5(animation)\debug\ddstextureloader12.nativecodeanalysis.xml
c:\users\blueb\documents\github\graduation_pj\project\천기\labproject07-9-5(animation)\debug\gameframework.nativecodeanalysis.xml
c:\users\blueb\documents\github\graduation_pj\project\천기\labproject07-9-5(animation)\debug\labproject07-9-5(animation).nativecodeanalysis.xml
c:\users\blueb\documents\github\graduation_pj\project\천기\labproject07-9-5(animation)\debug\mesh.nativecodeanalysis.xml
c:\users\blueb\documents\github\graduation_pj\project\천기\labproject07-9-5(animation)\debug\object.nativecodeanalysis.xml
c:\users\blueb\documents\github\graduation_pj\project\천기\labproject07-9-5(animation)\debug\player.nativecodeanalysis.xml
c:\users\blueb\documents\github\graduation_pj\project\천기\labproject07-9-5(animation)\debug\scene.nativecodeanalysis.xml
c:\users\blueb\documents\github\graduation_pj\project\천기\labproject07-9-5(animation)\debug\shader.nativecodeanalysis.xml
c:\users\blueb\documents\github\graduation_pj\project\천기\labproject07-9-5(animation)\debug\stdafx.nativecodeanalysis.xml
c:\users\blueb\documents\github\graduation_pj\project\천기\labproject07-9-5(animation)\debug\timer.nativecodeanalysis.xml
c:\users\blueb\documents\github\graduation_pj\project\천기\labproject07-9-5(animation)\debug\vc.nativecodeanalysis.all.xml
c:\users\blueb\documents\github\graduation_pj\project\천기\labproject07-9-5(animation)\debug\wictextureloader12.nativecodeanalysis.xml
c:\users\blueb\documents\github\graduation_pj\project\천기\labproject07-9-5(animation)\debug\labproje.156d8da7.tlog\cl.command.1.tlog
c:\users\blueb\documents\github\graduation_pj\project\천기\labproject07-9-5(animation)\debug\labproje.156d8da7.tlog\cl.read.1.tlog
c:\users\blueb\documents\github\graduation_pj\project\천기\labproject07-9-5(animation)\debug\labproje.156d8da7.tlog\cl.write.1.tlog
c:\users\blueb\documents\github\graduation_pj\project\천기\labproject07-9-5(animation)\debug\labproje.156d8da7.tlog\link.command.1.tlog
c:\users\blueb\documents\github\graduation_pj\project\천기\labproject07-9-5(animation)\debug\labproje.156d8da7.tlog\link.read.1.tlog
c:\users\blueb\documents\github\graduation_pj\project\천기\labproject07-9-5(animation)\debug\labproje.156d8da7.tlog\link.write.1.tlog
c:\users\blueb\documents\github\graduation_pj\project\천기\labproject07-9-5(animation)\debug\labproje.156d8da7.tlog\rc.command.1.tlog
c:\users\blueb\documents\github\graduation_pj\project\천기\labproject07-9-5(animation)\debug\labproje.156d8da7.tlog\rc.read.1.tlog
c:\users\blueb\documents\github\graduation_pj\project\천기\labproject07-9-5(animation)\debug\labproje.156d8da7.tlog\rc.write.1.tlog
